# JRE version: OpenJDK Runtime Environment Microsoft-11369864 (17.0.15+6) (build 17.0.15+6-LTS)
# Java VM: OpenJDK 64-Bit Server VM Microsoft-11369864 (17.0.15+6-LTS, mixed mode, tiered, compressed oops, compressed class ptrs, g1 gc, bsd-aarch64)
GC Precious Log:
 CPUs: 14 total, 14 available
 Memory: 49152M
 Large Page Support: Disabled
 NUMA Support: Disabled
 Compressed Oops: Enabled (Zero based)
 Heap Region Size: 32M
 Heap Min Capacity: 256M
 Heap Initial Capacity: 256M
 Heap Max Capacity: 12G
 Pre-touch: Disabled
 Parallel Workers: 11
 Concurrent Workers: 3
 Concurrent Refinement Workers: 11
 Periodic GC: Disabled
Heap:
 garbage-first heap   total 12582912K, used 9836097K [0x0000000500000000, 0x0000000800000000)
  region size 32768K, 134 young (4390912K), 4 survivors (131072K)
 Metaspace       used 761943K, committed 767104K, reserved 1703936K
  class space    used 165964K, committed 168256K, reserved 1048576K
GC Heap History (20 events):
Event: 1842.180 GC heap before
{Heap before GC invocations=460 (full 0):
 garbage-first heap   total 12582912K, used 9898084K [0x0000000500000000, 0x0000000800000000)
  region size 32768K, 135 young (4423680K), 4 survivors (131072K)
 Metaspace       used 761760K, committed 766976K, reserved 1703936K
  class space    used 165953K, committed 168256K, reserved 1048576K
}
Event: 1842.187 GC heap after
{Heap after GC invocations=461 (full 0):
 garbage-first heap   total 12582912K, used 5608895K [0x0000000500000000, 0x0000000800000000)
  region size 32768K, 4 young (131072K), 4 survivors (131072K)
 Metaspace       used 761760K, committed 766976K, reserved 1703936K
  class space    used 165953K, committed 168256K, reserved 1048576K
}
Event: 1847.105 GC heap before
{Heap before GC invocations=461 (full 0):
 garbage-first heap   total 12582912K, used 9901503K [0x0000000500000000, 0x0000000800000000)
  region size 32768K, 135 young (4423680K), 4 survivors (131072K)
 Metaspace       used 761766K, committed 766976K, reserved 1703936K
  class space    used 165953K, committed 168256K, reserved 1048576K
}
Event: 1847.113 GC heap after
{Heap after GC invocations=462 (full 0):
 garbage-first heap   total 12582912K, used 5609757K [0x0000000500000000, 0x0000000800000000)
  region size 32768K, 4 young (131072K), 4 survivors (131072K)
 Metaspace       used 761766K, committed 766976K, reserved 1703936K
  class space    used 165953K, committed 168256K, reserved 1048576K
}
Event: 1852.185 GC heap before
{Heap before GC invocations=463 (full 0):
 garbage-first heap   total 12582912K, used 9902365K [0x0000000500000000, 0x0000000800000000)
  region size 32768K, 135 young (4423680K), 4 survivors (131072K)
 Metaspace       used 761825K, committed 767040K, reserved 1703936K
  class space    used 165957K, committed 168256K, reserved 1048576K
}
Event: 1852.193 GC heap after
{Heap after GC invocations=464 (full 0):
 garbage-first heap   total 12582912K, used 5614659K [0x0000000500000000, 0x0000000800000000)
  region size 32768K, 4 young (131072K), 4 survivors (131072K)
 Metaspace       used 761825K, committed 767040K, reserved 1703936K
  class space    used 165957K, committed 168256K, reserved 1048576K
}
Event: 1854.791 GC heap before
{Heap before GC invocations=464 (full 0):
 garbage-first heap   total 12582912K, used 7973955K [0x0000000500000000, 0x0000000800000000)
  region size 32768K, 76 young (2490368K), 4 survivors (131072K)
 Metaspace       used 761832K, committed 767040K, reserved 1703936K
  class space    used 165958K, committed 168256K, reserved 1048576K
}
Event: 1854.815 GC heap after
{Heap after GC invocations=465 (full 0):
 garbage-first heap   total 12582912K, used 5577661K [0x0000000500000000, 0x0000000800000000)
  region size 32768K, 4 young (131072K), 4 survivors (131072K)
 Metaspace       used 761832K, committed 767040K, reserved 1703936K
  class space    used 165958K, committed 168256K, reserved 1048576K
}
Event: 1859.045 GC heap before
{Heap before GC invocations=465 (full 0):
 garbage-first heap   total 12582912K, used 9870269K [0x0000000500000000, 0x0000000800000000)
  region size 32768K, 136 young (4456448K), 4 survivors (131072K)
 Metaspace       used 761863K, committed 767040K, reserved 1703936K
  class space    used 165958K, committed 168256K, reserved 1048576K
}
Event: 1859.053 GC heap after
{Heap after GC invocations=466 (full 0):
 garbage-first heap   total 12582912K, used 5598489K [0x0000000500000000, 0x0000000800000000)
  region size 32768K, 4 young (131072K), 4 survivors (131072K)
 Metaspace       used 761863K, committed 767040K, reserved 1703936K
  class space    used 165958K, committed 168256K, reserved 1048576K
}
Event: 1863.701 GC heap before
{Heap before GC invocations=466 (full 0):
 garbage-first heap   total 12582912K, used 9891097K [0x0000000500000000, 0x0000000800000000)
  region size 32768K, 135 young (4423680K), 4 survivors (131072K)
 Metaspace       used 761874K, committed 767040K, reserved 1703936K
  class space    used 165960K, committed 168256K, reserved 1048576K
}
Event: 1863.709 GC heap after
{Heap after GC invocations=467 (full 0):
 garbage-first heap   total 12582912K, used 5605713K [0x0000000500000000, 0x0000000800000000)
  region size 32768K, 4 young (131072K), 4 survivors (131072K)
 Metaspace       used 761874K, committed 767040K, reserved 1703936K
  class space    used 165960K, committed 168256K, reserved 1048576K
}
Event: 1868.290 GC heap before
{Heap before GC invocations=467 (full 0):
 garbage-first heap   total 12582912K, used 9865553K [0x0000000500000000, 0x0000000800000000)
  region size 32768K, 135 young (4423680K), 4 survivors (131072K)
 Metaspace       used 761894K, committed 767104K, reserved 1703936K
  class space    used 165960K, committed 168256K, reserved 1048576K
}
Event: 1868.299 GC heap after
{Heap after GC invocations=468 (full 0):
 garbage-first heap   total 12582912K, used 5614362K [0x0000000500000000, 0x0000000800000000)
  region size 32768K, 4 young (131072K), 4 survivors (131072K)
 Metaspace       used 761894K, committed 767104K, reserved 1703936K
  class space    used 165960K, committed 168256K, reserved 1048576K
}
Event: 1873.136 GC heap before
{Heap before GC invocations=469 (full 0):
 garbage-first heap   total 12582912K, used 9874202K [0x0000000500000000, 0x0000000800000000)
  region size 32768K, 135 young (4423680K), 4 survivors (131072K)
 Metaspace       used 761907K, committed 767104K, reserved 1703936K
  class space    used 165960K, committed 168256K, reserved 1048576K
}
Event: 1873.145 GC heap after
{Heap after GC invocations=470 (full 0):
 garbage-first heap   total 12582912K, used 5616837K [0x0000000500000000, 0x0000000800000000)
  region size 32768K, 4 young (131072K), 4 survivors (131072K)
 Metaspace       used 761907K, committed 767104K, reserved 1703936K
  class space    used 165960K, committed 168256K, reserved 1048576K
}
Event: 1875.839 GC heap before
{Heap before GC invocations=470 (full 0):
 garbage-first heap   total 12582912K, used 7943365K [0x0000000500000000, 0x0000000800000000)
  region size 32768K, 76 young (2490368K), 4 survivors (131072K)
 Metaspace       used 761916K, committed 767104K, reserved 1703936K
  class space    used 165960K, committed 168256K, reserved 1048576K
}
Event: 1875.852 GC heap after
{Heap after GC invocations=471 (full 0):
 garbage-first heap   total 12582912K, used 5598465K [0x0000000500000000, 0x0000000800000000)
  region size 32768K, 4 young (131072K), 4 survivors (131072K)
 Metaspace       used 761916K, committed 767104K, reserved 1703936K
  class space    used 165960K, committed 168256K, reserved 1048576K
}
Event: 1880.961 GC heap before
{Heap before GC invocations=471 (full 0):
 garbage-first heap   total 12582912K, used 9891073K [0x0000000500000000, 0x0000000800000000)
  region size 32768K, 135 young (4423680K), 4 survivors (131072K)
 Metaspace       used 761940K, committed 767104K, reserved 1703936K
  class space    used 165964K, committed 168256K, reserved 1048576K
}
Event: 1880.969 GC heap after
{Heap after GC invocations=472 (full 0):
 garbage-first heap   total 12582912K, used 5609025K [0x0000000500000000, 0x0000000800000000)
  region size 32768K, 4 young (131072K), 4 survivors (131072K)
 Metaspace       used 761940K, committed 767104K, reserved 1703936K
  class space    used 165964K, committed 168256K, reserved 1048576K
}

