# JRE version: OpenJDK Runtime Environment Microsoft-11369864 (17.0.15+6) (build 17.0.15+6-LTS)
# Java VM: OpenJDK 64-Bit Server VM Microsoft-11369864 (17.0.15+6-LTS, mixed mode, tiered, compressed oops, compressed class ptrs, g1 gc, bsd-aarch64)
GC Precious Log:
 CPUs: 14 total, 14 available
 Memory: 49152M
 Large Page Support: Disabled
 NUMA Support: Disabled
 Compressed Oops: Enabled (Zero based)
 Heap Region Size: 32M
 Heap Min Capacity: 256M
 Heap Initial Capacity: 256M
 Heap Max Capacity: 12G
 Pre-touch: Disabled
 Parallel Workers: 11
 Concurrent Workers: 3
 Concurrent Refinement Workers: 11
 Periodic GC: Disabled
Heap:
 garbage-first heap   total 9994240K, used 6963563K [0x0000000500000000, 0x0000000800000000)
  region size 32768K, 4 young (131072K), 1 survivors (32768K)
 Metaspace       used 746753K, committed 751808K, reserved 1638400K
  class space    used 163462K, committed 165632K, reserved 1048576K
GC Heap History (20 events):
Event: 1162.337 GC heap before
{Heap before GC invocations=331 (full 0):
 garbage-first heap   total 9994240K, used 8848751K [0x0000000500000000, 0x0000000800000000)
  region size 32768K, 61 young (1998848K), 1 survivors (32768K)
 Metaspace       used 746362K, committed 751424K, reserved 1638400K
  class space    used 163455K, committed 165632K, reserved 1048576K
}
Event: 1162.341 GC heap after
{Heap after GC invocations=332 (full 0):
 garbage-first heap   total 9994240K, used 6887218K [0x0000000500000000, 0x0000000800000000)
  region size 32768K, 1 young (32768K), 1 survivors (32768K)
 Metaspace       used 746362K, committed 751424K, reserved 1638400K
  class space    used 163455K, committed 165632K, reserved 1048576K
}
Event: 1164.605 GC heap before
{Heap before GC invocations=332 (full 0):
 garbage-first heap   total 9994240K, used 8853298K [0x0000000500000000, 0x0000000800000000)
  region size 32768K, 61 young (1998848K), 1 survivors (32768K)
 Metaspace       used 746373K, committed 751424K, reserved 1638400K
  class space    used 163457K, committed 165632K, reserved 1048576K
}
Event: 1164.609 GC heap after
{Heap after GC invocations=333 (full 0):
 garbage-first heap   total 9994240K, used 6889605K [0x0000000500000000, 0x0000000800000000)
  region size 32768K, 1 young (32768K), 1 survivors (32768K)
 Metaspace       used 746373K, committed 751424K, reserved 1638400K
  class space    used 163457K, committed 165632K, reserved 1048576K
}
Event: 1167.906 GC heap before
{Heap before GC invocations=333 (full 0):
 garbage-first heap   total 9994240K, used 8855685K [0x0000000500000000, 0x0000000800000000)
  region size 32768K, 61 young (1998848K), 1 survivors (32768K)
 Metaspace       used 746406K, committed 751424K, reserved 1638400K
  class space    used 163459K, committed 165632K, reserved 1048576K
}
Event: 1167.910 GC heap after
{Heap after GC invocations=334 (full 0):
 garbage-first heap   total 9994240K, used 6891305K [0x0000000500000000, 0x0000000800000000)
  region size 32768K, 1 young (32768K), 1 survivors (32768K)
 Metaspace       used 746406K, committed 751424K, reserved 1638400K
  class space    used 163459K, committed 165632K, reserved 1048576K
}
Event: 1171.097 GC heap before
{Heap before GC invocations=334 (full 0):
 garbage-first heap   total 9994240K, used 8857385K [0x0000000500000000, 0x0000000800000000)
  region size 32768K, 61 young (1998848K), 1 survivors (32768K)
 Metaspace       used 746413K, committed 751424K, reserved 1638400K
  class space    used 163460K, committed 165632K, reserved 1048576K
}
Event: 1171.100 GC heap after
{Heap after GC invocations=335 (full 0):
 garbage-first heap   total 9994240K, used 6891576K [0x0000000500000000, 0x0000000800000000)
  region size 32768K, 1 young (32768K), 1 survivors (32768K)
 Metaspace       used 746413K, committed 751424K, reserved 1638400K
  class space    used 163460K, committed 165632K, reserved 1048576K
}
Event: 1174.586 GC heap before
{Heap before GC invocations=335 (full 0):
 garbage-first heap   total 9994240K, used 8857656K [0x0000000500000000, 0x0000000800000000)
  region size 32768K, 61 young (1998848K), 1 survivors (32768K)
 Metaspace       used 746426K, committed 751424K, reserved 1638400K
  class space    used 163460K, committed 165632K, reserved 1048576K
}
Event: 1174.590 GC heap after
{Heap after GC invocations=336 (full 0):
 garbage-first heap   total 9994240K, used 6893944K [0x0000000500000000, 0x0000000800000000)
  region size 32768K, 1 young (32768K), 1 survivors (32768K)
 Metaspace       used 746426K, committed 751424K, reserved 1638400K
  class space    used 163460K, committed 165632K, reserved 1048576K
}
Event: 1178.197 GC heap before
{Heap before GC invocations=336 (full 0):
 garbage-first heap   total 9994240K, used 8860024K [0x0000000500000000, 0x0000000800000000)
  region size 32768K, 61 young (1998848K), 1 survivors (32768K)
 Metaspace       used 746431K, committed 751488K, reserved 1638400K
  class space    used 163460K, committed 165632K, reserved 1048576K
}
Event: 1178.201 GC heap after
{Heap after GC invocations=337 (full 0):
 garbage-first heap   total 9994240K, used 6895689K [0x0000000500000000, 0x0000000800000000)
  region size 32768K, 1 young (32768K), 1 survivors (32768K)
 Metaspace       used 746431K, committed 751488K, reserved 1638400K
  class space    used 163460K, committed 165632K, reserved 1048576K
}
Event: 1181.905 GC heap before
{Heap before GC invocations=337 (full 0):
 garbage-first heap   total 9994240K, used 8861769K [0x0000000500000000, 0x0000000800000000)
  region size 32768K, 61 young (1998848K), 1 survivors (32768K)
 Metaspace       used 746731K, committed 751744K, reserved 1638400K
  class space    used 163460K, committed 165632K, reserved 1048576K
}
Event: 1181.910 GC heap after
{Heap after GC invocations=338 (full 0):
 garbage-first heap   total 9994240K, used 6896735K [0x0000000500000000, 0x0000000800000000)
  region size 32768K, 1 young (32768K), 1 survivors (32768K)
 Metaspace       used 746731K, committed 751744K, reserved 1638400K
  class space    used 163460K, committed 165632K, reserved 1048576K
}
Event: 1185.697 GC heap before
{Heap before GC invocations=338 (full 0):
 garbage-first heap   total 9994240K, used 8862815K [0x0000000500000000, 0x0000000800000000)
  region size 32768K, 61 young (1998848K), 1 survivors (32768K)
 Metaspace       used 746734K, committed 751744K, reserved 1638400K
  class space    used 163460K, committed 165632K, reserved 1048576K
}
Event: 1185.701 GC heap after
{Heap after GC invocations=339 (full 0):
 garbage-first heap   total 9994240K, used 6896409K [0x0000000500000000, 0x0000000800000000)
  region size 32768K, 1 young (32768K), 1 survivors (32768K)
 Metaspace       used 746734K, committed 751744K, reserved 1638400K
  class space    used 163460K, committed 165632K, reserved 1048576K
}
Event: 1188.739 GC heap before
{Heap before GC invocations=339 (full 0):
 garbage-first heap   total 9994240K, used 8862489K [0x0000000500000000, 0x0000000800000000)
  region size 32768K, 61 young (1998848K), 1 survivors (32768K)
 Metaspace       used 746740K, committed 751744K, reserved 1638400K
  class space    used 163460K, committed 165632K, reserved 1048576K
}
Event: 1188.742 GC heap after
{Heap after GC invocations=340 (full 0):
 garbage-first heap   total 9994240K, used 6897455K [0x0000000500000000, 0x0000000800000000)
  region size 32768K, 1 young (32768K), 1 survivors (32768K)
 Metaspace       used 746740K, committed 751744K, reserved 1638400K
  class space    used 163460K, committed 165632K, reserved 1048576K
}
Event: 1189.804 GC heap before
{Heap before GC invocations=340 (full 0):
 garbage-first heap   total 9994240K, used 8863535K [0x0000000500000000, 0x0000000800000000)
  region size 32768K, 61 young (1998848K), 1 survivors (32768K)
 Metaspace       used 746753K, committed 751808K, reserved 1638400K
  class space    used 163462K, committed 165632K, reserved 1048576K
}
Event: 1189.808 GC heap after
{Heap after GC invocations=341 (full 0):
 garbage-first heap   total 9994240K, used 6898027K [0x0000000500000000, 0x0000000800000000)
  region size 32768K, 1 young (32768K), 1 survivors (32768K)
 Metaspace       used 746753K, committed 751808K, reserved 1638400K
  class space    used 163462K, committed 165632K, reserved 1048576K
}

